12:59:53 **** Incremental Build of configuration Debug for project basestruct ****
make all 
Building file: ../Src/main.c
Invoking: MCU GCC Compiler
/Users/ugopalatucci/Desktop/SeRover/basestruct/Debug
arm-none-eabi-gcc -mcpu=cortex-m4 -mthumb -mfloat-abi=hard -mfpu=fpv4-sp-d16 '-D__weak=__attribute__((weak))' '-D__packed="__attribute__((__packed__))"' -DUSE_HAL_DRIVER -DSTM32F401xE -I"/Users/ugopalatucci/Desktop/SeRover/basestruct/Inc" -I"/Users/ugopalatucci/Desktop/SeRover/basestruct/Drivers/STM32F4xx_HAL_Driver/Inc" -I"/Users/ugopalatucci/Desktop/SeRover/basestruct/Drivers/STM32F4xx_HAL_Driver/Inc/Legacy" -I"/Users/ugopalatucci/Desktop/SeRover/basestruct/Drivers/CMSIS/Device/ST/STM32F4xx/Include" -I"/Users/ugopalatucci/Desktop/SeRover/basestruct/Drivers/CMSIS/Include"  -Og -g3 -Wall -fmessage-length=0 -ffunction-sections -c -fmessage-length=0 -MMD -MP -MF"Src/main.d" -MT"Src/main.o" -o "Src/main.o" "../Src/main.c"
../Src/main.c: In function 'main':
../Src/main.c:245:4: warning: "/*" within comment [-Wcomment]
    /* Se la distanza è minore di 20, fermati e aspetta un nuovo comando
     
../Src/main.c:153:12: warning: unused variable 'speed_command' [-Wunused-variable]
   uint16_t speed_command = 0;
            ^~~~~~~~~~~~~
../Src/main.c:152:8: warning: unused variable 'rangestring' [-Wunused-variable]
   char rangestring[10] ;
        ^~~~~~~~~~~
Finished building: ../Src/main.c
 
Building target: basestruct.elf
Invoking: MCU GCC Linker
arm-none-eabi-gcc -mcpu=cortex-m4 -mthumb -mfloat-abi=hard -mfpu=fpv4-sp-d16 -specs=nosys.specs -specs=nano.specs -T"../STM32F401RETx_FLASH.ld" -Wl,-Map=output.map -Wl,--gc-sections -o "basestruct.elf" @"objects.list"   -lm
Finished building target: basestruct.elf
 
/Library/Developer/CommandLineTools/usr/bin/make --no-print-directory post-build
Generating binary and Printing size information:
arm-none-eabi-objcopy -O binary "basestruct.elf" "basestruct.bin"
arm-none-eabi-size "basestruct.elf"
   text	   data	    bss	    dec	    hex	filename
  25636	    488	   6112	  32236	   7dec	basestruct.elf
 

12:59:54 Build Finished (took 605ms)

